<?xml version="1.0" encoding="UTF-8"?>
<testsuite xmlns:xsi="http://www.w3.org/2001/XMLSchema-instance" xsi:noNamespaceSchemaLocation="https://maven.apache.org/surefire/maven-surefire-plugin/xsd/surefire-test-report-3.0.xsd" version="3.0" name="com.saar.userservice.UserServiceApplicationTests" time="14.585" tests="1" errors="0" skipped="0" failures="0">
  <properties>
[...]
</properties>
  <testcase name="contextLoads" classname="com.saar.userservice.UserServiceApplicationTests" time="1.068">
    <system-out><![CDATA[16:38:54.985 [main] INFO org.springframework.test.context.support.AnnotationConfigContextLoaderUtils -- Could not detect default configuration classes for test class [com.saar.userservice.UserServiceApplicationTests]: UserServiceApplicationTests does not declare any static, non-private, non-final, nested classes annotated with @Configuration.
16:38:55.162 [main] INFO org.springframework.boot.test.context.SpringBootTestContextBootstrapper -- Found @SpringBootConfiguration com.saar.userservice.UserServiceApplication for test class com.saar.userservice.UserServiceApplicationTests

  .   ____          _            __ _ _
 /\\ / ___'_ __ _ _(_)_ __  __ _ \ \ \ \
( ( )\___ | '_ | '_| | '_ \/ _` | \ \ \ \
 \\/  ___)| |_)| | | | | || (_| |  ) ) ) )
  '  |____| .__|_| |_|_| |_\__, | / / / /
 =========|_|==============|___/=/_/_/_/
 :: Spring Boot ::                (v3.2.5)

2025-06-12T16:38:58.594+05:30  INFO 12560 --- [UserService] [           main] c.s.u.UserServiceApplicationTests        : Starting UserServiceApplicationTests using Java 21.0.6 with PID 12560 (started by Protectt107 in D:\Projects\Hotel_Rating_System\UserService)
2025-06-12T16:38:58.600+05:30  INFO 12560 --- [UserService] [           main] c.s.u.UserServiceApplicationTests        : No active profile set, falling back to 1 default profile: "default"
2025-06-12T16:38:58.731+05:30  INFO 12560 --- [UserService] [           main] o.s.c.c.c.ConfigServerConfigDataLoader   : Fetching config from server at : http://localhost:8084
2025-06-12T16:38:58.732+05:30  INFO 12560 --- [UserService] [           main] o.s.c.c.c.ConfigServerConfigDataLoader   : Located environment: name=UserService, profiles=[default], label=null, version=3384e08b8a52effc6eba83810864bcf5c5ddc7cd, state=
2025-06-12T16:39:00.215+05:30  INFO 12560 --- [UserService] [           main] .s.d.r.c.RepositoryConfigurationDelegate : Bootstrapping Spring Data JPA repositories in DEFAULT mode.
2025-06-12T16:39:00.504+05:30  INFO 12560 --- [UserService] [           main] .s.d.r.c.RepositoryConfigurationDelegate : Finished Spring Data repository scanning in 277 ms. Found 1 JPA repository interface.
2025-06-12T16:39:01.103+05:30  INFO 12560 --- [UserService] [           main] o.s.cloud.context.scope.GenericScope     : BeanFactory id=d4beb4c0-4871-323d-b9a6-bbc5a435e1c8
2025-06-12T16:39:01.418+05:30  WARN 12560 --- [UserService] [           main] trationDelegate$BeanPostProcessorChecker : Bean 'org.springframework.cloud.client.loadbalancer.LoadBalancerAutoConfiguration$DeferringLoadBalancerInterceptorConfig' of type [org.springframework.cloud.client.loadbalancer.LoadBalancerAutoConfiguration$DeferringLoadBalancerInterceptorConfig] is not eligible for getting processed by all BeanPostProcessors (for example: not eligible for auto-proxying). The currently created BeanPostProcessor [lbRestClientPostProcessor] is declared through a non-static factory method on that class; consider declaring it as static instead.
2025-06-12T16:39:01.423+05:30  WARN 12560 --- [UserService] [           main] trationDelegate$BeanPostProcessorChecker : Bean 'deferringLoadBalancerInterceptor' of type [org.springframework.cloud.client.loadbalancer.DeferringLoadBalancerInterceptor] is not eligible for getting processed by all BeanPostProcessors (for example: not eligible for auto-proxying). Is this bean getting eagerly injected into a currently created BeanPostProcessor [lbRestClientPostProcessor]? Check the corresponding BeanPostProcessor declaration and its dependencies.
2025-06-12T16:39:01.770+05:30  INFO 12560 --- [UserService] [           main] o.hibernate.jpa.internal.util.LogHelper  : HHH000204: Processing PersistenceUnitInfo [name: default]
2025-06-12T16:39:01.959+05:30  INFO 12560 --- [UserService] [           main] org.hibernate.Version                    : HHH000412: Hibernate ORM core version 6.4.4.Final
2025-06-12T16:39:02.075+05:30  INFO 12560 --- [UserService] [           main] o.h.c.internal.RegionFactoryInitiator    : HHH000026: Second-level cache disabled
2025-06-12T16:39:02.658+05:30  INFO 12560 --- [UserService] [           main] o.s.o.j.p.SpringPersistenceUnitInfo      : No LoadTimeWeaver setup: ignoring JPA class transformer
2025-06-12T16:39:02.738+05:30  INFO 12560 --- [UserService] [           main] com.zaxxer.hikari.HikariDataSource       : HikariPool-1 - Starting...
2025-06-12T16:39:03.372+05:30  INFO 12560 --- [UserService] [           main] com.zaxxer.hikari.pool.HikariPool        : HikariPool-1 - Added connection com.mysql.cj.jdbc.ConnectionImpl@6b278b17
2025-06-12T16:39:03.375+05:30  INFO 12560 --- [UserService] [           main] com.zaxxer.hikari.HikariDataSource       : HikariPool-1 - Start completed.
2025-06-12T16:39:03.459+05:30  WARN 12560 --- [UserService] [           main] org.hibernate.orm.deprecation            : HHH90000025: MySQL8Dialect does not need to be specified explicitly using 'hibernate.dialect' (remove the property setting and it will be selected by default)
2025-06-12T16:39:03.462+05:30  WARN 12560 --- [UserService] [           main] org.hibernate.orm.deprecation            : HHH90000026: MySQL8Dialect has been deprecated; use org.hibernate.dialect.MySQLDialect instead
2025-06-12T16:39:04.735+05:30  INFO 12560 --- [UserService] [           main] o.h.e.t.j.p.i.JtaPlatformInitiator       : HHH000489: No JTA platform available (set 'hibernate.transaction.jta.platform' to enable JTA platform integration)
2025-06-12T16:39:04.802+05:30  INFO 12560 --- [UserService] [           main] j.LocalContainerEntityManagerFactoryBean : Initialized JPA EntityManagerFactory for persistence unit 'default'
2025-06-12T16:39:05.548+05:30  WARN 12560 --- [UserService] [           main] JpaBaseConfiguration$JpaWebConfiguration : spring.jpa.open-in-view is enabled by default. Therefore, database queries may be performed during view rendering. Explicitly configure spring.jpa.open-in-view to disable this warning
2025-06-12T16:39:05.776+05:30  INFO 12560 --- [UserService] [           main] o.s.c.openfeign.FeignClientFactoryBean   : For 'HOTELSERVICE' URL not provided. Will try picking an instance via load-balancing.
2025-06-12T16:39:07.269+05:30  INFO 12560 --- [UserService] [           main] DiscoveryClientOptionalArgsConfiguration : Eureka HTTP Client uses RestTemplate.
2025-06-12T16:39:07.339+05:30  WARN 12560 --- [UserService] [           main] iguration$LoadBalancerCaffeineWarnLogger : Spring Cloud LoadBalancer is currently working with the default cache. While this cache implementation is useful for development and tests, it's recommended to use Caffeine cache in production.You can switch to using Caffeine cache, by adding it and org.springframework.cache.caffeine.CaffeineCacheManager to the classpath.
2025-06-12T16:39:07.425+05:30  INFO 12560 --- [UserService] [           main] o.s.c.n.eureka.InstanceInfoFactory       : Setting initial instance status as: STARTING
2025-06-12T16:39:07.489+05:30  INFO 12560 --- [UserService] [           main] com.netflix.discovery.DiscoveryClient    : Initializing Eureka in region us-east-1
2025-06-12T16:39:07.499+05:30  INFO 12560 --- [UserService] [           main] c.n.d.s.r.aws.ConfigClusterResolver      : Resolving eureka endpoints via configuration
2025-06-12T16:39:07.525+05:30  INFO 12560 --- [UserService] [           main] com.netflix.discovery.DiscoveryClient    : Disable delta property : false
2025-06-12T16:39:07.526+05:30  INFO 12560 --- [UserService] [           main] com.netflix.discovery.DiscoveryClient    : Single vip registry refresh property : null
2025-06-12T16:39:07.526+05:30  INFO 12560 --- [UserService] [           main] com.netflix.discovery.DiscoveryClient    : Force full registry fetch : false
2025-06-12T16:39:07.526+05:30  INFO 12560 --- [UserService] [           main] com.netflix.discovery.DiscoveryClient    : Application is null : false
2025-06-12T16:39:07.526+05:30  INFO 12560 --- [UserService] [           main] com.netflix.discovery.DiscoveryClient    : Registered Applications size is zero : true
2025-06-12T16:39:07.526+05:30  INFO 12560 --- [UserService] [           main] com.netflix.discovery.DiscoveryClient    : Application version is -1: true
2025-06-12T16:39:07.526+05:30  INFO 12560 --- [UserService] [           main] com.netflix.discovery.DiscoveryClient    : Getting all instance registry info from the eureka server
2025-06-12T16:39:08.089+05:30  INFO 12560 --- [UserService] [           main] com.netflix.discovery.DiscoveryClient    : The response status is 200
2025-06-12T16:39:08.093+05:30  INFO 12560 --- [UserService] [           main] com.netflix.discovery.DiscoveryClient    : Starting heartbeat executor: renew interval is: 30
2025-06-12T16:39:08.097+05:30  INFO 12560 --- [UserService] [           main] c.n.discovery.InstanceInfoReplicator     : InstanceInfoReplicator onDemand update allowed rate per min is 4
2025-06-12T16:39:08.099+05:30  INFO 12560 --- [UserService] [           main] com.netflix.discovery.DiscoveryClient    : Discovery Client initialized at timestamp 1749726548099 with initial instances count: 3
2025-06-12T16:39:08.107+05:30  INFO 12560 --- [UserService] [           main] o.s.c.n.e.s.EurekaServiceRegistry        : Registering application USERSERVICE with eureka with status UP
2025-06-12T16:39:08.108+05:30  INFO 12560 --- [UserService] [           main] com.netflix.discovery.DiscoveryClient    : Saw local status change event StatusChangeEvent [timestamp=1749726548107, current=UP, previous=STARTING]
2025-06-12T16:39:08.113+05:30  INFO 12560 --- [UserService] [foReplicator-%d] com.netflix.discovery.DiscoveryClient    : DiscoveryClient_USERSERVICE/PROTECTTLAP080:UserService:8080: registering service...
2025-06-12T16:39:08.147+05:30  INFO 12560 --- [UserService] [           main] c.s.u.UserServiceApplicationTests        : Started UserServiceApplicationTests in 12.703 seconds (process running for 14.524)
2025-06-12T16:39:08.242+05:30  INFO 12560 --- [UserService] [foReplicator-%d] com.netflix.discovery.DiscoveryClient    : DiscoveryClient_USERSERVICE/PROTECTTLAP080:UserService:8080 - registration status: 204
]]></system-out>
    <system-err><![CDATA[WARNING: A Java agent has been loaded dynamically (C:\Users\Protectt107\.m2\repository\net\bytebuddy\byte-buddy-agent\1.14.13\byte-buddy-agent-1.14.13.jar)
WARNING: If a serviceability tool is in use, please run with -XX:+EnableDynamicAgentLoading to hide this warning
WARNING: If a serviceability tool is not in use, please run with -Djdk.instrument.traceUsage for more information
WARNING: Dynamic loading of agents will be disallowed by default in a future release
]]></system-err>
  </testcase>
</testsuite>